<?xml version="1.0" encoding="UTF-8"?>
<!-- Generated by org.testng.reporters.JUnitReportReporter -->
<testsuite skipped="0" hostname="SREE" name="pack1.Test1" tests="6" failures="0" timestamp="13 Nov 2019 14:50:01 GMT" time="54.415" errors="0">
  <testcase name="type_data" time="6.725" classname="pack1.Test1"/>
  <testcase name="type_data" time="13.919" classname="pack1.Test1"/>
  <testcase name="tear_down" time="1.397" classname="pack1.Test1"/>
  <testcase name="tear_down" time="12.740" classname="pack1.Test1"/>
  <testcase name="open_url" time="11.482" classname="pack1.Test1"/>
  <testcase name="open_url" time="8.152" classname="pack1.Test1"/>
</testsuite> <!-- pack1.Test1 -->
